<?xml version="1.0" encoding="UTF-8"?>
<coverage generated="1773824019796" clover="3.2.0">
  <project timestamp="1773824019796" name="All files">
    <metrics statements="36" coveredstatements="36" conditionals="40" coveredconditionals="40" methods="3" coveredmethods="3" elements="79" coveredelements="79" complexity="0" loc="36" ncloc="36" packages="1" files="3" classes="3"/>
    <file name="password.ts" path="C:\Users\SofamDev\Desktop\Ephec\bac2\DEVIII\tp01\individual-SofianeAmqranePROJ\server\src\utils\password.ts">
      <metrics statements="9" coveredstatements="9" conditionals="14" coveredconditionals="14" methods="1" coveredmethods="1"/>
      <line num="1" count="1" type="stmt"/>
      <line num="3" count="8" type="cond" truecount="2" falsecount="0"/>
      <line num="6" count="7" type="cond" truecount="2" falsecount="0"/>
      <line num="9" count="6" type="cond" truecount="2" falsecount="0"/>
      <line num="12" count="5" type="cond" truecount="2" falsecount="0"/>
      <line num="15" count="4" type="cond" truecount="2" falsecount="0"/>
      <line num="18" count="3" type="cond" truecount="2" falsecount="0"/>
      <line num="21" count="2" type="cond" truecount="2" falsecount="0"/>
      <line num="23" count="1" type="stmt"/>
    </file>
    <file name="shipping.ts" path="C:\Users\SofamDev\Desktop\Ephec\bac2\DEVIII\tp01\individual-SofianeAmqranePROJ\server\src\utils\shipping.ts">
      <metrics statements="15" coveredstatements="15" conditionals="14" coveredconditionals="14" methods="1" coveredmethods="1"/>
      <line num="1" count="1" type="stmt"/>
      <line num="6" count="9" type="cond" truecount="2" falsecount="0"/>
      <line num="7" count="8" type="cond" truecount="4" falsecount="0"/>
      <line num="9" count="6" type="stmt"/>
      <line num="12" count="6" type="cond" truecount="2" falsecount="0"/>
      <line num="13" count="2" type="stmt"/>
      <line num="14" count="4" type="cond" truecount="2" falsecount="0"/>
      <line num="15" count="2" type="stmt"/>
      <line num="17" count="2" type="stmt"/>
      <line num="21" count="6" type="stmt"/>
      <line num="22" count="6" type="cond" truecount="2" falsecount="0"/>
      <line num="23" count="3" type="stmt"/>
      <line num="27" count="6" type="cond" truecount="2" falsecount="0"/>
      <line num="28" count="3" type="stmt"/>
      <line num="31" count="6" type="stmt"/>
    </file>
    <file name="userValidator.ts" path="C:\Users\SofamDev\Desktop\Ephec\bac2\DEVIII\tp01\individual-SofianeAmqranePROJ\server\src\utils\userValidator.ts">
      <metrics statements="12" coveredstatements="12" conditionals="12" coveredconditionals="12" methods="1" coveredmethods="1"/>
      <line num="1" count="1" type="stmt"/>
      <line num="7" count="8" type="cond" truecount="2" falsecount="0"/>
      <line num="8" count="1" type="stmt"/>
      <line num="11" count="7" type="cond" truecount="2" falsecount="0"/>
      <line num="12" count="2" type="cond" truecount="2" falsecount="0"/>
      <line num="13" count="1" type="stmt"/>
      <line num="17" count="6" type="stmt"/>
      <line num="18" count="6" type="cond" truecount="2" falsecount="0"/>
      <line num="19" count="1" type="stmt"/>
      <line num="22" count="5" type="cond" truecount="4" falsecount="0"/>
      <line num="23" count="2" type="stmt"/>
      <line num="26" count="3" type="stmt"/>
    </file>
  </project>
</coverage>
