TN:
SF:src\utils\password.ts
FN:1,validatePassword
FNF:1
FNH:1
FNDA:8,validatePassword
DA:1,1
DA:3,8
DA:6,7
DA:9,6
DA:12,5
DA:15,4
DA:18,3
DA:21,2
DA:23,1
LF:9
LH:9
BRDA:3,0,0,1
BRDA:3,0,1,7
BRDA:6,1,0,1
BRDA:6,1,1,6
BRDA:9,2,0,1
BRDA:9,2,1,5
BRDA:12,3,0,1
BRDA:12,3,1,4
BRDA:15,4,0,1
BRDA:15,4,1,3
BRDA:18,5,0,1
BRDA:18,5,1,2
BRDA:21,6,0,1
BRDA:21,6,1,1
BRF:14
BRH:14
end_of_record
TN:
SF:src\utils\shipping.ts
FN:1,calculateShipping
FNF:1
FNH:1
FNDA:9,calculateShipping
DA:1,1
DA:6,9
DA:7,8
DA:9,6
DA:12,6
DA:13,2
DA:14,4
DA:15,2
DA:17,2
DA:21,6
DA:22,6
DA:23,3
DA:27,6
DA:28,3
DA:31,6
LF:15
LH:15
BRDA:6,0,0,1
BRDA:6,0,1,8
BRDA:7,1,0,2
BRDA:7,1,1,6
BRDA:7,2,0,8
BRDA:7,2,1,7
BRDA:12,3,0,2
BRDA:12,3,1,4
BRDA:14,4,0,2
BRDA:14,4,1,2
BRDA:22,5,0,3
BRDA:22,5,1,3
BRDA:27,6,0,3
BRDA:27,6,1,3
BRF:14
BRH:14
end_of_record
